0 info it worked if it ends with ok
1 verbose cli [ '/usr/bin/node', '/usr/bin/npm', 'publish' ]
2 info using npm@2.14.7
3 info using node@v4.2.2
4 verbose publish [ '.' ]
5 silly cache add args [ '.', null ]
6 verbose cache add spec .
7 silly cache add parsed spec Result {
7 silly cache add   raw: '.',
7 silly cache add   scope: null,
7 silly cache add   name: null,
7 silly cache add   rawSpec: '.',
7 silly cache add   spec: '/home/nikita/Work/w3cjs',
7 silly cache add   type: 'directory' }
8 verbose addLocalDirectory /home/nikita/.npm/w3cvalidator/0.1.27/package.tgz not in flight; packing
9 verbose tar pack [ '/home/nikita/.npm/w3cvalidator/0.1.27/package.tgz',
9 verbose tar pack   '/home/nikita/Work/w3cjs' ]
10 verbose tarball /home/nikita/.npm/w3cvalidator/0.1.27/package.tgz
11 verbose folder /home/nikita/Work/w3cjs
12 info prepublish w3cvalidator@0.1.27
13 verbose addLocalTarball adding from inside cache /home/nikita/.npm/w3cvalidator/0.1.27/package.tgz
14 silly cache afterAdd w3cvalidator@0.1.27
15 verbose afterAdd /home/nikita/.npm/w3cvalidator/0.1.27/package/package.json not in flight; writing
16 verbose afterAdd /home/nikita/.npm/w3cvalidator/0.1.27/package/package.json written
17 silly publish { author: { name: 'Thomas Davis', email: 'thomasalwyndavis@gmail.com' },
17 silly publish   name: 'w3cvalidator',
17 silly publish   description: 'A node.js module for using the w3c validator for html and css validation. Forked from https://github.com/mryvlin/w3cjs',
17 silly publish   version: '0.1.27',
17 silly publish   repository:
17 silly publish    { type: 'git',
17 silly publish      url: 'git+https://github.com/streamtOtO/w3cjs.git' },
17 silly publish   main: './lib/w3cjs',
17 silly publish   bin: { w3cjs: './bin/w3cjs' },
17 silly publish   dependencies:
17 silly publish    { superagent: '~0.15.7',
17 silly publish      commander: '~2.0.0',
17 silly publish      'superagent-proxy': '~0.2.0',
17 silly publish      xml2js: '~0.4.1' },
17 silly publish   devDependencies: {},
17 silly publish   optionalDependencies: {},
17 silly publish   engines: { node: '*' },
17 silly publish   keywords: [ 'w3c', 'validator', 'html', 'html5', 'css', 'css3' ],
17 silly publish   license:
17 silly publish    { type: 'Unlicense',
17 silly publish      url: 'https://raw.github.com/thomasdavis/w3cjs/master/LICENSE' },
17 silly publish   readme: '\n# w3cvalidator\n\nA node.js library for testing files or url\'s against the w3c html and css validator.\nForked from https://github.com/thomasdavis/w3cjs\n\n## Installation\n\n```js\nnpm install w3cvalidator\n```\n\n## Usage\n\n```js\nvar w3cvalidator = require(\'w3cvalidator\');\n\nvar results = w3cvalidator.validate({\n\tfile: \'style.css\', // file can either be a local file or a remote file\n\t//file: \'http://html5boilerplate.com/\',\n\t//input: \'<html>...</html>\',\n\t//input: myBuffer,\n\toutput: \'json\', // Defaults to \'json\', other option includes html\n\tdoctype: \'HTML5\', // Defaults false for autodetect\n\tcharset: \'utf-8\', // Defaults false for autodetect\n\t//proxy: \'http://proxy:8080\', // Default to null\n\tcallback: function (res) {\n\t\tconsole.log(res);\n\t\t// depending on the output type, res will either be a json object or a html string\n\t},\n\t// section for css validation\n\tvalidate: \'css\', // defaults to html\n\tprofile: \'css3\', // possible profiles are: none, css1, css2, css21, css3, svg, svgbasic, svgtiny, mobile, atsc-tv, tv\n\tmedium: \'all\', // possible media are: all, aural, braille, embossed, handheld, print, projection, screen, tty, tv, presentation\n\twarnings: \'no\' // possible warnings are: 2 (all), 1 (normal), 0 (most important), no (no warnings)\n});\n\n```\n\n## Example async testing with Mocha \n\n```js\nvar w3cvalidator = require(\'w3cvalidator\');\ndescribe(\'html and css validation\', function(){\n\tit(\'index page should have no html errors\', function(done){\n\t\tw3cvalidator.validate({\n\t\t\tfile: \'index.html\',\n\t\t\tcallback: function (res) {\n\t\t\t\t\tconsole.log(res);\n\t\t\t\tif (res.messages.length > 0 ) {\n\t\t\t\t\tthrow {error: \'html errors have been found\', results: res};\n\t\t\t\t};\n\t\t\t\tdone();\n\t\t\t}\n\t\t})\n\t})\n})\n\n```\n',
17 silly publish   readmeFilename: 'README.md',
17 silly publish   gitHead: '71c48d654ddc00639a10019b18968892bdc3de9e',
17 silly publish   bugs: { url: 'https://github.com/streamtOtO/w3cjs/issues' },
17 silly publish   homepage: 'https://github.com/streamtOtO/w3cjs#readme',
17 silly publish   _id: 'w3cvalidator@0.1.27',
17 silly publish   scripts: {},
17 silly publish   _shasum: 'bb3a625da87aba2929fa11eb303954c1f9d10674',
17 silly publish   _from: '.' }
18 verbose getPublishConfig undefined
19 silly mapToRegistry name w3cvalidator
20 silly mapToRegistry using default registry
21 silly mapToRegistry registry https://registry.npmjs.org/
22 silly mapToRegistry uri https://registry.npmjs.org/w3cvalidator
23 verbose publish registryBase https://registry.npmjs.org/
24 silly publish uploading /home/nikita/.npm/w3cvalidator/0.1.27/package.tgz
25 verbose request uri https://registry.npmjs.org/w3cvalidator
26 verbose request sending authorization for write operation
27 info attempt registry request try #1 at 10:00:44 AM
28 verbose request using bearer token for auth
29 verbose request id a0067ee1acb74219
30 http request PUT https://registry.npmjs.org/w3cvalidator
31 http 403 https://registry.npmjs.org/w3cvalidator
32 verbose headers { 'content-type': 'application/json',
32 verbose headers   'cache-control': 'max-age=300',
32 verbose headers   'content-length': '106',
32 verbose headers   'accept-ranges': 'bytes',
32 verbose headers   date: 'Tue, 26 Apr 2016 07:00:45 GMT',
32 verbose headers   via: '1.1 varnish',
32 verbose headers   connection: 'keep-alive',
32 verbose headers   'x-served-by': 'cache-fra1227-FRA',
32 verbose headers   'x-cache': 'MISS',
32 verbose headers   'x-cache-hits': '0',
32 verbose headers   'x-timer': 'S1461654044.807610,VS0,VE791',
32 verbose headers   vary: 'Accept-Encoding' }
33 verbose request invalidating /home/nikita/.npm/registry.npmjs.org/w3cvalidator on PUT
34 error publish Failed PUT 403
35 verbose stack Error: you do not have permission to publish "w3cvalidator". Are you logged in as the correct user? : w3cvalidator
35 verbose stack     at makeError (/usr/share/node-v4.2.2-linux-x64/lib/node_modules/npm/node_modules/npm-registry-client/lib/request.js:264:12)
35 verbose stack     at CachingRegistryClient.<anonymous> (/usr/share/node-v4.2.2-linux-x64/lib/node_modules/npm/node_modules/npm-registry-client/lib/request.js:252:14)
35 verbose stack     at Request._callback (/usr/share/node-v4.2.2-linux-x64/lib/node_modules/npm/node_modules/npm-registry-client/lib/request.js:172:14)
35 verbose stack     at Request.self.callback (/usr/share/node-v4.2.2-linux-x64/lib/node_modules/npm/node_modules/request/request.js:198:22)
35 verbose stack     at emitTwo (events.js:87:13)
35 verbose stack     at Request.emit (events.js:172:7)
35 verbose stack     at Request.<anonymous> (/usr/share/node-v4.2.2-linux-x64/lib/node_modules/npm/node_modules/request/request.js:1063:14)
35 verbose stack     at emitOne (events.js:82:20)
35 verbose stack     at Request.emit (events.js:169:7)
35 verbose stack     at IncomingMessage.<anonymous> (/usr/share/node-v4.2.2-linux-x64/lib/node_modules/npm/node_modules/request/request.js:1009:12)
36 verbose statusCode 403
37 verbose pkgid w3cvalidator
38 verbose cwd /home/nikita/Work/w3cjs
39 error Linux 3.19.0-33-generic
40 error argv "/usr/bin/node" "/usr/bin/npm" "publish"
41 error node v4.2.2
42 error npm  v2.14.7
43 error code E403
44 error you do not have permission to publish "w3cvalidator". Are you logged in as the correct user? : w3cvalidator
45 error If you need help, you may report this error at:
45 error     <https://github.com/npm/npm/issues>
46 verbose exit [ 1, true ]
